<?xml version="1.0" encoding="UTF-8"?>
<!-- Generated by org.testng.reporters.JUnitReportReporter -->
<testsuite hostname="DESKTOP-H2ULFNK" failures="0" tests="1" name="paramDemo" time="47.405" errors="0" timestamp="2020-09-09T19:02:43 IST" skipped="0">
  <testcase classname="paramDemo" name="ParameterizedTest" time="47.405"/>
  <system-out/>
</testsuite> <!-- paramDemo -->
