<?xml version="1.0" encoding="UTF-8"?>
<!-- Generated by org.testng.reporters.JUnitReportReporter -->
<testsuite hostname="DESKTOP-H2ULFNK" failures="0" tests="2" name="DataProviderDemo" time="76.999" errors="0" timestamp="2020-09-09T19:25:33 IST" skipped="0">
  <testcase classname="DataProviderDemo" name="logintofacebook" time="42.985"/>
  <system-out/>
  <testcase classname="DataProviderDemo" name="logintofacebook" time="34.014"/>
  <system-out/>
</testsuite> <!-- DataProviderDemo -->
