<?xml version="1.0" encoding="UTF-8"?>
<!-- Generated by org.testng.reporters.JUnitReportReporter -->
<testsuite hostname="DESKTOP-H2ULFNK" failures="0" tests="1" name="Params" time="0.022" errors="0" timestamp="2020-09-09T18:53:57 IST" skipped="0">
  <testcase classname="Params" name="sum" time="0.022"/>
  <system-out/>
</testsuite> <!-- Params -->
