<?xml version="1.0" encoding="UTF-8"?>
<!-- Generated by org.testng.reporters.JUnitReportReporter -->
<testsuite hostname="DESKTOP-H2ULFNK" failures="0" tests="6" name="TestNG" time="0.092" errors="0" timestamp="2020-09-10T18:56:44 IST" skipped="0">
  <testcase classname="TestNG" name="OpenBrowser" time="0.006"/>
  <system-out/>
  <testcase classname="TestNG" name="CloseBrowser2" time="0.002"/>
  <system-out/>
  <testcase classname="TestNG" name="AccountTest1" time="0.036"/>
  <system-out/>
  <testcase classname="TestNG" name="OpenBrowser3" time="0.005"/>
  <system-out/>
  <testcase classname="TestNG" name="CloseBrowser" time="0.035"/>
  <system-out/>
  <testcase classname="TestNG" name="AccountTest" time="0.008"/>
  <system-out>
This test verifies the current selenium compatibility with TestNG by launching the chrome driver  </system-out>
</testsuite> <!-- TestNG -->
